// Add IPv6 support 1755015619
// Improve multi-network scanning 1755015619
// Refactor network check logic 1755015619
// Refactor network check logic 1755015619
// Refactor status output formatting 1755015619
// Add quiet mode flag 1755015619
// Fix false-positive detection bug 1755015619
// Fix false-positive detection bug 1755015619
// Improve captive portal detection 1755015619
// Refactor network check logic 1755094772
// Improve multi-network scanning 1755094772
// Fix false-positive detection bug 1755181143
// Add quiet mode flag 1755181143
// Update help command output 1755181143
// Fix false-positive detection bug 1755181143
// Improve captive portal detection 1755181143
// Improve timeout handling 1755216734
// Update help command output 1755216734
// Refactor network check logic 1755216734
// Improve multi-network scanning 1755267514
// Improve timeout handling 1755267514
// Improve captive portal detection 1755267514
// Refactor network check logic 1755267514
// Improve timeout handling 1755267514
// Add IPv6 support 1755267514
// Add IPv6 support 1755267514
// Improve multi-network scanning 1755267514
// Improve multi-network scanning 1755353757
// Improve multi-network scanning 1755353757
// Fix false-positive detection bug 1755353757
// Refactor status output formatting 1755353757
// Refactor network check logic 1755353757
// Add IPv6 support 1755353757
// Enhance DNS resolution speed 1755353757
// Add quiet mode flag 1755353757
// Improve multi-network scanning 1755440185
// Improve timeout handling 1755440185
// Update help command output 1755440185
// Add IPv6 support 1755440185
// Improve timeout handling 1755440185
// Fix false-positive detection bug 1755440185
// Improve timeout handling 1755440185
// Fix false-positive detection bug 1755440185
// Refactor network check logic 1755440185
// Improve captive portal detection 1755526810
// Add IPv6 support 1755526810
// Enhance DNS resolution speed 1755526810
// Improve timeout handling 1755526810
// Update help command output 1755526810
// Fix false-positive detection bug 1755526810
// Fix false-positive detection bug 1755526810
// Refactor network check logic 1755526810
// Enhance DNS resolution speed 1755526810
// Add quiet mode flag 1755526810
// Add IPv6 support 1755613104
// Add quiet mode flag 1755613104
// Improve multi-network scanning 1755613104
// Enhance DNS resolution speed 1755613104
// Enhance DNS resolution speed 1755613104
// Improve multi-network scanning 1755613104
// Add quiet mode flag 1755613104
// Add IPv6 support 1755613104
// Refactor network check logic 1755613104
